Vivado Simulator 2020.2
Copyright 1986-1999, 2001-2020 Xilinx, Inc. All Rights Reserved.
Running: C:/Xilinx/Vivado/2020.2/bin/unwrapped/win64.o/xelab.exe -wto b3a7707557784e12b5b394cdffe36569 --incr --debug typical --relax --mt 2 -L xil_defaultlib -L secureip --snapshot vgaController_tb_behav xil_defaultlib.vgaController_tb -log elaborate.log 
Using 2 slave threads.
Starting static elaboration
Completed static elaboration
Starting simulation data flow analysis
Completed simulation data flow analysis
Time Resolution for simulation is 1ps
Compiling package std.standard
Compiling package std.textio
Compiling package ieee.std_logic_1164
Compiling package ieee.numeric_std
Compiling architecture behavioral of entity xil_defaultlib.clk_25MHz [clk_25mhz_default]
Compiling architecture behavioral of entity xil_defaultlib.hCounter_s [hcounter_s_default]
Compiling architecture behavioral of entity xil_defaultlib.vCounter_s [vcounter_s_default]
Compiling architecture behavioral of entity xil_defaultlib.displayController_s [displaycontroller_s_default]
Compiling architecture behavioral of entity xil_defaultlib.vgaController_s [vgacontroller_s_default]
Compiling architecture behavioral of entity xil_defaultlib.vgacontroller_tb
Built simulation snapshot vgaController_tb_behav
